<?xml version="1.0" encoding="UTF-8"?>
<!DOCTYPE plist PUBLIC "-//Apple Computer//DTD PLIST 1.0//EN" "http://www.apple.com/DTDs/PropertyList-1.0.dtd">
<plist version="1.0">
    <dict>
        <key>frames</key>
        <dict>
            <key>test-red.png</key>
            <dict>
                <key>frame</key>
                <string>{{2,2},{80,60}}</string>
                <key>offset</key>
                <string>{0,0}</string>
                <key>rotated</key>
                <false/>
                <key>sourceColorRect</key>
                <string>{{0,0},{80,60}}</string>
                <key>sourceSize</key>
                <string>{80,60}</string>
            </dict>
        </dict>
        <key>metadata</key>
        <dict>
            <key>format</key>
            <integer>2</integer>
            <key>realTextureFileName</key>
            <string>test-red.png</string>
            <key>size</key>
            <string>{128,64}</string>
            <key>smartupdate</key>
            <string>$TexturePacker:SmartUpdate:1beddb95dbd432799af54cbe2e1f744a$</string>
            <key>textureFileName</key>
            <string>test-red.png</string>
        </dict>
    </dict>
</plist>
